[38;5;93m2020-04-25::23:04:16 [38;5;48mYou say 'hello'
[38;5;93m2020-04-26::00:45:00 [38;5;48mYou tell Guardian angel 'what'
[38;5;93m2020-04-26::00:45:54 [38;5;48mSting chats 'bloodied' to the Dark.
[38;5;93m2020-04-26::00:45:54 [38;5;48m% Sting chats 'bloodied'
[38;5;93m2020-04-26::00:45:55 [38;5;48mGor chats 'he blood' to the Dark.
[38;5;93m2020-04-26::00:45:55 [38;5;48m% Gor chats 'he blood'
[38;5;93m2020-04-26::00:45:57 [38;5;48mTaragar narrates 'in' to the Light.
[38;5;93m2020-04-26::00:46:00 [38;5;48mQuato narrates 'k' to the Light.
[38;5;93m2020-04-26::00:46:06 [38;5;48mYou say 'spam dwarf'
[38;5;93m2020-04-26::00:46:17 [38;5;48mQuato narrates 'they spammin me now outside :p' to the Light.
[38;5;93m2020-04-26::00:46:24 [38;5;48mTaragar narrates 'figures :P' to the Light.
[38;5;93m2020-04-26::00:46:40 [38;5;48mQuato narrates 'spammin grating shut too' to the Light.
[38;5;93m2020-04-26::00:46:41 [38;5;48mQuato narrates 'lol' to the Light.
[38;5;93m2020-04-26::00:46:46 [38;5;48mQuato narrates 'good let you heal lol' to the Light.
[38;5;93m2020-04-26::00:46:51 [38;5;48mTaragar narrates 'nod :)' to the Light.
[38;5;93m2020-04-26::00:47:04 [38;5;48mQuato narrates 'brazgor mystic dwarf?' to the Light.
[38;5;93m2020-04-26::00:47:22 [38;5;48mBrazgor chats 'no brazgor is a big fatty ' to the Light.
[38;5;93m2020-04-26::00:47:26 [38;5;48mQuato narrates 'o' to the Light.
[38;5;93m2020-04-26::00:57:18 [38;5;48mTaragar chats 'was fun. Thanks :)' to the Light.
[38;5;93m2020-04-26::00:57:23 [38;5;48mQuato narrates 'lata' to the Light.
[38;5;93m2020-04-26::01:51:25 [38;5;48mGrylls chats 'sorry had to take a nap, get better with rerolls?' to the Light.
[38;5;93m2020-04-26::01:52:15 [38;5;48mElara chats 'sort of. 10 left and thinking' to the Light.
[38;5;93m2020-04-26::01:52:26 [38;5;48mGrylls chats 'i hate that' to the Light.
[38;5;93m2020-04-26::01:52:46 [38;5;48mGrylls chats 'good stats but high stat sum' to the Light.
[38;5;93m2020-04-26::01:52:59 [38;5;48mElara chats '11 con on 33m i think is going to suck if it doesnt hike at min twice' to the Light.
[38;5;93m2020-04-26::01:53:27 [38;5;48mGrylls chats 'ewww' to the Light.
[38;5;93m2020-04-26::13:00:37 [38;5;48mVesur chats 'so what exactly does "You feel the protection of the Gods bestowed upon you." do?'
[38;5;93m2020-04-26::13:00:47 [38;5;48mCelebuin chats 'can't be attacked in pk'
[38;5;93m2020-04-26::13:00:49 [38;5;48mScritch chats 'cant be killed in pk'
[38;5;93m2020-04-26::13:01:04 [38;5;48mVesur chats 'and I assume you can't just get that by hitting "afk" while you have anger?'
[38;5;93m2020-04-26::13:01:08 [38;5;48mVesur chats 'or something?'
[38;5;93m2020-04-26::13:01:10 [38;5;48mCelebuin chats 'correct'
[38;5;93m2020-04-26::13:01:15 [38;5;48mVesur chats 'ok, good :P'
[38;5;93m2020-04-26::13:01:19 [38;5;48mCelebuin chats 'gotta have no anger for it to work'
[38;5;93m2020-04-26::14:01:58 [38;5;48mCelebuin chats 'gotta kill skelly i think' to the Light.
[38;5;93m2020-04-26::14:04:43 [38;5;48mA goblin shaman says 'Go away, I won't teach you anything!'
[38;5;93m2020-04-26::14:06:30 [38;5;48mCelebuin chats 'see ya tyk!' to the Light.
